<?xml version="1.0" encoding="UTF-8"?>
<testng-results ignored="0" total="1" passed="1" failed="0" skipped="0">
  <reporter-output>
  </reporter-output>
  <suite started-at="2022-01-14T02:58:37 WAT" name="Default suite" finished-at="2022-01-14T03:06:33 WAT" duration-ms="475963">
    <groups>
    </groups>
    <test started-at="2022-01-14T02:58:37 WAT" name="Default test" finished-at="2022-01-14T03:06:33 WAT" duration-ms="475963">
      <class name="testCases.NewRequestTest">
        <test-method signature="newRequest()[pri:0, instance:testCases.NewRequestTest@6d3a388c]" started-at="2022-01-14T02:58:37 WAT" name="newRequest" finished-at="2022-01-14T03:06:33 WAT" duration-ms="475920" status="PASS">
          <reporter-output>
          </reporter-output>
        </test-method> <!-- newRequest -->
      </class> <!-- testCases.NewRequestTest -->
    </test> <!-- Default test -->
  </suite> <!-- Default suite -->
</testng-results>
